Build started 2/15/2016 12:20:35 PM.
Project "C:\DIAG\diaglibs\mevismodules\DIAG\ApplicationBase\Sources\ML\DIAGEqualizeHistogram\DIAGEqualizeHistogram.vcxproj" on node 2 (Rebuild target(s)).
CustomBuild:
  Compiling DIAGEqualizeHistogram.pro...
  Running C:\Program Files\MeVisLab2.5.1VC11-64\Packages/MeVis/ThirdParty/Python/MeVisPython.exe C:\Program Files\MeVisLab2.5.1VC11-64\Packages\MeVis\BuildSystem\BuildTools\win32\createVCXProj.py DIAGEqualizeHistogram VC11-64
  Generating project file for VC11-64
  Profile target type: dll
  Profile template type: vclib
  C:\Program Files\MeVisLab2.5.1VC11-64\Packages\MeVis\ThirdParty\Sources\Qt4\qt\bin\qmake.exe -t vclib -o tmp_DIAGEqualizeHistogram.vcxproj INITIAL_CONFIG = $$CONFIG CONFIG -= release debug CONFIG += debug_and_release  DIAGEqualizeHistogram.pro -after message(MLAB_COMPILE_MODE=$$MLAB_COMPILE_MODE) message(MSVC_NO_POSTBUILD_STEP=$$MSVC_NO_POSTBUILD_STEP) message(MEVIS_UNITTEST=$$MEVIS_UNITTEST) message(ENVIRONMENT=$$ENVIRONMENT) message(IGNORED_CONFIG=$$IGNORED_CONFIG) message(MSVC_TARGETDLLEXTENSION=$$MSVC_TARGETDLLEXTENSION) message(TARGET_DEBUG_POSTFIX=$$TARGET_DEBUG_POSTFIX) message(MSVC_NO_MANIFEST=$$MSVC_NO_MANIFEST) message(QMAKE_CXXFLAGS=$$QMAKE_CXXFLAGS) message(TARGET=$$TARGET) message(MSVC_POSTBUILD_PRE=$$MSVC_POSTBUILD_PRE) message(DESTDIR=$$DESTDIR) message(MSVC_COMPILERSTACK=$$MSVC_COMPILERSTACK) message(MSVC_RELEASE_WITH_DEBUG_INFO=$$MSVC_RELEASE_WITH_DEBUG_INFO) message(MSVC_MANIFEST_FRAGMENTS=$$MSVC_MANIFEST_FRAGMENTS) message(MSVC_KEEP_QMAKE_POST_LINK=$$MSVC_KEEP_QMAKE_POST_LINK) message(TEMPLATE=$$TEMPLATE) message(DLLDESTDIR=$$DLLDESTDIR) message(CONFIG=$$CONFIG)
  Project MESSAGE: loading DIAG_ApplicationBase.pri
  Project MESSAGE: loading SystemInit.pri
  Project MESSAGE: loading MeVisPython.pri
  Project MESSAGE: loading MeVisLab_Standard.pri
  Project MESSAGE: loading MeVis_Foundation.pri
  Project MESSAGE: loading MeVis_ThirdParty.pri
  Project MESSAGE: loading System.pri
  Project MESSAGE: loading DIAG_ApplicationBase.pri
  Project MESSAGE: loading SystemInit.pri
  Project MESSAGE: loading MeVisPython.pri
  Project MESSAGE: loading MeVisLab_Standard.pri
  Project MESSAGE: loading MeVis_Foundation.pri
  Project MESSAGE: loading MeVis_ThirdParty.pri
  Project MESSAGE: loading System.pri
  Project MESSAGE: loading DIAG_ApplicationBase.pri
  Project MESSAGE: loading SystemInit.pri
  Project MESSAGE: loading MeVisPython.pri
  Project MESSAGE: loading MeVisLab_Standard.pri
  Project MESSAGE: loading MeVis_Foundation.pri
  Project MESSAGE: loading MeVis_ThirdParty.pri
  Project MESSAGE: loading System.pri
  MEVIS_PROJECT_CONFIG: ML,MLUtilities,MLLinearAlgebra,MLMemoryManager,MLProfilingManager,MLMemoryManagerHeader,boost_thread,boost
  MEVIS_IGNORED_CONFIG: lex,yacc,warn_on,uic,resources,rtti_off,exceptions_off,stl_off,incremental_off,thread_off,windows,ReleaseBuild,Release,build_pass,incremental,flat,link_prl,precompile_header,autogen_precompile_source,copy_dir_files,debug_and_release,debug_and_release_target,embed_manifest_dll,embed_manifest_exe,shared,stl,exceptions,rtti,mmx,3dnow,sse,sse2,release,dll,win64,64bit,no_autoqmake,thread,no_versionlink
  MEVIS_TARGET: DIAGEqualizeHistogram
  MEVIS_DESTDIR: ../../../lib
  MEVIS_DEBUG_DESTDIR: ../../../lib
  MEVIS_DLLDESTDIR: ../../../lib
  **ResultFile**: C:\DIAG\diaglibs\mevismodules\DIAG\ApplicationBase\Sources\ML\DIAGEqualizeHistogram\DIAGEqualizeHistogram.pro
  **ResultFile**: C:\DIAG\diaglibs\mevismodules\DIAG\ApplicationBase\Sources\ML\DIAGEqualizeHistogram\DIAGEqualizeHistogram.vcxproj
ClCompile:
  C:\Program Files (x86)\Microsoft Visual Studio 11.0\VC\bin\x86_amd64\CL.exe /c /I"c:\Program Files\MeVisLab2.5.1VC11-64\Packages\MeVis\Foundation\Sources\SharedIncludes" /I"c:\Program Files\MeVisLab2.5.1VC11-64\Packages\MeVis\Foundation\Sources\ML\include\deprecated" /I"c:\Program Files\MeVisLab2.5.1VC11-64\Packages\MeVis\Foundation\Sources\ML\include" /I"c:\Program Files\MeVisLab2.5.1VC11-64\Packages\MeVis\Foundation\Sources\MLLinearAlgebra\deprecated" /I"c:\Program Files\MeVisLab2.5.1VC11-64\Packages\MeVis\Foundation\Sources\MLLinearAlgebra" /I"c:\Program Files\MeVisLab2.5.1VC11-64\Packages\MeVis\Foundation\Sources\MLProfilingManager\Include" /I"c:\Program Files\MeVisLab2.5.1VC11-64\Packages\MeVis\Foundation\Sources\MLUtilities" /I"c:\Program Files\MeVisLab2.5.1VC11-64\Packages\MeVis\Foundation\Sources\MLMemoryManager\Include" /I"c:\Program Files\MeVisLab2.5.1VC11-64\Packages\MeVis\ThirdParty\Sources\misc\boost" /I. /I"c:\Program Files\MeVisLab2.5.1VC11-64\Packages\MeVis\ThirdParty\Sources\Qt4\qt\mkspecs\win32-msvc2012" /Zi /nologo /W4 /WX- /MP /Od /Ob2 /Oi /Ot /Oy /D _WINDOWS /D UNICODE /D WIN32 /D QT_LARGEFILE_SUPPORT /D MEVIS_TARGET=DIAGEqualizeHistogram /D MEVIS_64BIT /D MEVISLAB_VERSION=205 /D ML_VERSION_2 /D BOOST_ALL_DYN_LINK /D MeVisLab /D MEVISLAB /D __LITTLE_ENDIAN__ /D "ML_LIBRARY_EXPORT_ATTRIBUTE=__declspec(dllexport)" /D "ML_LIBRARY_IMPORT_ATTRIBUTE=__declspec(dllimport)" /D ML_RETURN_VALUE_SHOULD_BE_USED= /D NOMINMAX /D _CRT_SECURE_NO_DEPRECATE /D DIAGEQUALIZEHISTOGRAM_EXPORTS /D ML_WARN_DEPRECATED /D NDEBUG /D _WINDLL /GF /Gm- /EHsc /MD /GS /Gy /fp:precise /Zc:wchar_t- /Zc:forScope /GR /Fo"tmp\release\obj\\" /Fd"tmp\release\obj\vc110.pdb" /FR"tmp\release\obj\\" /Gd /TP /wd4201 /wd4251 /errorReport:prompt -Zm200 /we4102 /we4131 /we4218 /we4431 /we4715 /we4723 /we4002 /we4013 /we4056 /we4054 /we4067 /we4068 /we4130 /we4146 /we4150 /we4172 /we4210 /we4351 /we4373 /we4366 /we4552 /we4553 /we4804 /we4910 DIAGEqualizeHistogramInit.cpp mlEqualizeHistogram.cpp
  DIAGEqualizeHistogramInit.cpp
  mlEqualizeHistogram.cpp
mlEqualizeHistogram.cpp(63): warning C4100: 'outputImage' : unreferenced formal parameter
mlEqualizeHistogram.cpp(71): warning C4100: 'outputIndex' : unreferenced formal parameter
mlEqualizeHistogram.cpp(71): warning C4100: 'inputIndex' : unreferenced formal parameter
mlEqualizeHistogram.cpp(81): warning C4995: 'ML_CALCULATEOUTPUTSUBIMAGE_NUM_INPUTS_1_CPP': name was marked as #pragma deprecated
mlEqualizeHistogram.cpp(95): warning C4305: 'initializing' : truncation from 'int' to 'MLint8'
          mlEqualizeHistogram.cpp(81) : see reference to function template instantiation 'void ml::EqualizeHistogram::calculateOutputSubImage<MLint8>(ml::TSubImage<DATATYPE> *,int,ml::TSubImage<DATATYPE> *)' being compiled
          with
          [
              DATATYPE=MLint8
          ]
mlEqualizeHistogram.cpp(95): warning C4309: 'initializing' : truncation of constant value
mlEqualizeHistogram.cpp(156): warning C4244: '=' : conversion from 'float' to 'char', possible loss of data
mlEqualizeHistogram.cpp(85): warning C4100: 'outputIndex' : unreferenced formal parameter
mlEqualizeHistogram.cpp(95): warning C4305: 'initializing' : truncation from 'int' to 'MLuint8'
          mlEqualizeHistogram.cpp(81) : see reference to function template instantiation 'void ml::EqualizeHistogram::calculateOutputSubImage<MLuint8>(ml::TSubImage<DATATYPE> *,int,ml::TSubImage<DATATYPE> *)' being compiled
          with
          [
              DATATYPE=MLuint8
          ]
mlEqualizeHistogram.cpp(156): warning C4244: '=' : conversion from 'float' to 'unsigned char', possible loss of data
mlEqualizeHistogram.cpp(95): warning C4305: 'initializing' : truncation from 'int' to 'MLint16'
          mlEqualizeHistogram.cpp(81) : see reference to function template instantiation 'void ml::EqualizeHistogram::calculateOutputSubImage<MLint16>(ml::TSubImage<DATATYPE> *,int,ml::TSubImage<DATATYPE> *)' being compiled
          with
          [
              DATATYPE=MLint16
          ]
mlEqualizeHistogram.cpp(156): warning C4244: '=' : conversion from 'float' to 'short', possible loss of data
mlEqualizeHistogram.cpp(95): warning C4305: 'initializing' : truncation from 'int' to 'MLuint16'
          mlEqualizeHistogram.cpp(81) : see reference to function template instantiation 'void ml::EqualizeHistogram::calculateOutputSubImage<MLuint16>(ml::TSubImage<DATATYPE> *,int,ml::TSubImage<DATATYPE> *)' being compiled
          with
          [
              DATATYPE=MLuint16
          ]
mlEqualizeHistogram.cpp(156): warning C4244: '=' : conversion from 'float' to 'unsigned short', possible loss of data
mlEqualizeHistogram.cpp(156): warning C4244: '=' : conversion from 'float' to 'int', possible loss of data
          mlEqualizeHistogram.cpp(81) : see reference to function template instantiation 'void ml::EqualizeHistogram::calculateOutputSubImage<MLint32>(ml::TSubImage<DATATYPE> *,int,ml::TSubImage<DATATYPE> *)' being compiled
          with
          [
              DATATYPE=MLint32
          ]
mlEqualizeHistogram.cpp(156): warning C4244: '=' : conversion from 'float' to 'unsigned int', possible loss of data
          mlEqualizeHistogram.cpp(81) : see reference to function template instantiation 'void ml::EqualizeHistogram::calculateOutputSubImage<MLuint32>(ml::TSubImage<DATATYPE> *,int,ml::TSubImage<DATATYPE> *)' being compiled
          with
          [
              DATATYPE=MLuint32
          ]
mlEqualizeHistogram.cpp(156): warning C4244: '=' : conversion from 'float' to '__int64', possible loss of data
          mlEqualizeHistogram.cpp(81) : see reference to function template instantiation 'void ml::EqualizeHistogram::calculateOutputSubImage<MLint64>(ml::TSubImage<DATATYPE> *,int,ml::TSubImage<DATATYPE> *)' being compiled
          with
          [
              DATATYPE=MLint64
          ]
mlEqualizeHistogram.cpp(156): warning C4244: '=' : conversion from 'float' to 'unsigned __int64', possible loss of data
          mlEqualizeHistogram.cpp(81) : see reference to function template instantiation 'void ml::EqualizeHistogram::calculateOutputSubImage<MLuint64>(ml::TSubImage<DATATYPE> *,int,ml::TSubImage<DATATYPE> *)' being compiled
          with
          [
              DATATYPE=MLuint64
          ]
mlEqualizeHistogram.cpp(95): warning C4305: 'initializing' : truncation from 'int' to 'MLfloat'
          mlEqualizeHistogram.cpp(81) : see reference to function template instantiation 'void ml::EqualizeHistogram::calculateOutputSubImage<MLfloat>(ml::TSubImage<DATATYPE> *,int,ml::TSubImage<DATATYPE> *)' being compiled
          with
          [
              DATATYPE=MLfloat
          ]
mlEqualizeHistogram.cpp(123): warning C4244: 'argument' : conversion from 'MLfloat' to 'unsigned __int64', possible loss of data
mlEqualizeHistogram.cpp(136): warning C4244: 'argument' : conversion from 'const MLfloat' to 'unsigned __int64', possible loss of data
mlEqualizeHistogram.cpp(145): warning C4244: 'argument' : conversion from 'MLfloat' to 'unsigned __int64', possible loss of data
mlEqualizeHistogram.cpp(153): warning C4244: 'argument' : conversion from 'MLfloat' to 'unsigned __int64', possible loss of data
mlEqualizeHistogram.cpp(173): warning C4244: 'argument' : conversion from 'const MLfloat' to 'unsigned __int64', possible loss of data
mlEqualizeHistogram.cpp(123): warning C4244: 'argument' : conversion from 'MLdouble' to 'unsigned __int64', possible loss of data
          mlEqualizeHistogram.cpp(81) : see reference to function template instantiation 'void ml::EqualizeHistogram::calculateOutputSubImage<MLdouble>(ml::TSubImage<DATATYPE> *,int,ml::TSubImage<DATATYPE> *)' being compiled
          with
          [
              DATATYPE=MLdouble
          ]
mlEqualizeHistogram.cpp(136): warning C4244: 'argument' : conversion from 'const MLdouble' to 'unsigned __int64', possible loss of data
mlEqualizeHistogram.cpp(145): warning C4244: 'argument' : conversion from 'MLdouble' to 'unsigned __int64', possible loss of data
mlEqualizeHistogram.cpp(153): warning C4244: 'argument' : conversion from 'MLdouble' to 'unsigned __int64', possible loss of data
mlEqualizeHistogram.cpp(173): warning C4244: 'argument' : conversion from 'const MLdouble' to 'unsigned __int64', possible loss of data
  Generating Code...
Link:
  C:\Program Files (x86)\Microsoft Visual Studio 11.0\VC\bin\x86_amd64\link.exe /ERRORREPORT:PROMPT /OUT:"tmp\release\obj\DIAGEqualizeHistogram.dll" /INCREMENTAL:NO /NOLOGO /LIBPATH:"c:\Program Files\MeVisLab2.5.1VC11-64\Packages\MeVis\ThirdParty\lib" /LIBPATH:C:/DIAG/diaglibs/mevismodules/DIAG/ApplicationBase/lib /LIBPATH:"C:/Program Files/MeVisLab2.5.1VC11-64/Packages/MeVisLab/Standard/lib" /LIBPATH:"C:/Program Files/MeVisLab2.5.1VC11-64/Packages/MeVis/Foundation/lib" ML.lib MLLinearAlgebra.lib MLMemoryManager.lib MLProfilingManager.lib MLUtilities.lib kernel32.lib user32.lib gdi32.lib winspool.lib comdlg32.lib advapi32.lib shell32.lib ole32.lib oleaut32.lib uuid.lib odbc32.lib odbccp32.lib /MANIFEST /MANIFESTUAC:"level='asInvoker' uiAccess='false'" /manifest:embed /DEBUG /PDB:"tmp\release\obj\DIAGEqualizeHistogram.pdb" /OPT:REF /OPT:ICF /TLBID:1 /DYNAMICBASE /NXCOMPAT /MACHINE:X64 /DLL tmp\release\obj\DIAGEqualizeHistogramInit.obj
  tmp\release\obj\mlEqualizeHistogram.obj
