C:\DIAG\DIAGLIBS\MEVISMODULES\DIAG\APPLICATIONBASE\SOURCES\ML\DIAGEQUALIZEHISTOGRAM\TMP\RELEASE\OBJ\DIAGEQUALIZEHISTOGRAM.BSC
C:\DIAG\DIAGLIBS\MEVISMODULES\DIAG\APPLICATIONBASE\SOURCES\ML\DIAGEQUALIZEHISTOGRAM\TMP\RELEASE\OBJ\DIAGEQUALIZEHISTOGRAMINIT.SBR
C:\DIAG\DIAGLIBS\MEVISMODULES\DIAG\APPLICATIONBASE\SOURCES\ML\DIAGEQUALIZEHISTOGRAM\TMP\RELEASE\OBJ\MLEQUALIZEHISTOGRAM.SBR
C:\DIAG\DIAGLIBS\MEVISMODULES\DIAG\APPLICATIONBASE\SOURCES\ML\DIAGEQUALIZEHISTOGRAM\TMP\RELEASE\OBJ\DIAGEQUALIZEHISTOGRAMINIT.OBJ
C:\DIAG\DIAGLIBS\MEVISMODULES\DIAG\APPLICATIONBASE\SOURCES\ML\DIAGEQUALIZEHISTOGRAM\TMP\RELEASE\OBJ\
C:\DIAG\DIAGLIBS\MEVISMODULES\DIAG\APPLICATIONBASE\SOURCES\ML\DIAGEQUALIZEHISTOGRAM\TMP\RELEASE\OBJ\MLEQUALIZEHISTOGRAM.OBJ
C:\DIAG\DIAGLIBS\MEVISMODULES\DIAG\APPLICATIONBASE\SOURCES\ML\DIAGEQUALIZEHISTOGRAM\TMP\RELEASE\OBJ\VC110.PDB
C:\DIAG\DIAGLIBS\MEVISMODULES\DIAG\APPLICATIONBASE\SOURCES\ML\DIAGEQUALIZEHISTOGRAM\TMP\.#DIAGEQUALIZEHISTOGRAM.VCXPROJ
C:\DIAG\diaglibs\mevismodules\DIAG\ApplicationBase\Sources\ML\DIAGEqualizeHistogram\tmp\release\obj\DIAGEqualizeHistogram.lib
C:\DIAG\diaglibs\mevismodules\DIAG\ApplicationBase\Sources\ML\DIAGEqualizeHistogram\tmp\release\obj\DIAGEqualizeHistogram.exp
C:\DIAG\DIAGLIBS\MEVISMODULES\DIAG\APPLICATIONBASE\SOURCES\ML\DIAGEQUALIZEHISTOGRAM\TMP\RELEASE\OBJ\DIAGEQUALIZEHISTOGRAM.DLL
C:\DIAG\DIAGLIBS\MEVISMODULES\DIAG\APPLICATIONBASE\SOURCES\ML\DIAGEQUALIZEHISTOGRAM\TMP\RELEASE\OBJ\DIAGEQUALIZEHISTOGRAM.PDB
C:\DIAG\diaglibs\mevismodules\DIAG\ApplicationBase\Sources\ML\DIAGEqualizeHistogram\tmp\release\obj\DIAGEqualizeHistogramInit.obj
C:\DIAG\diaglibs\mevismodules\DIAG\ApplicationBase\Sources\ML\DIAGEqualizeHistogram\tmp\release\obj\mlEqualizeHistogram.obj
C:\DIAG\diaglibs\mevismodules\DIAG\ApplicationBase\Sources\ML\DIAGEqualizeHistogram\tmp\release\obj\BscMake.command.1.tlog
C:\DIAG\diaglibs\mevismodules\DIAG\ApplicationBase\Sources\ML\DIAGEqualizeHistogram\tmp\release\obj\bscmake.read.1.tlog
C:\DIAG\diaglibs\mevismodules\DIAG\ApplicationBase\Sources\ML\DIAGEqualizeHistogram\tmp\release\obj\bscmake.write.1.tlog
C:\DIAG\diaglibs\mevismodules\DIAG\ApplicationBase\Sources\ML\DIAGEqualizeHistogram\tmp\release\obj\cl.command.1.tlog
C:\DIAG\diaglibs\mevismodules\DIAG\ApplicationBase\Sources\ML\DIAGEqualizeHistogram\tmp\release\obj\CL.read.1.tlog
C:\DIAG\diaglibs\mevismodules\DIAG\ApplicationBase\Sources\ML\DIAGEqualizeHistogram\tmp\release\obj\CL.write.1.tlog
C:\DIAG\diaglibs\mevismodules\DIAG\ApplicationBase\Sources\ML\DIAGEqualizeHistogram\tmp\release\obj\custombuild.command.1.tlog
C:\DIAG\diaglibs\mevismodules\DIAG\ApplicationBase\Sources\ML\DIAGEqualizeHistogram\tmp\release\obj\custombuild.read.1.tlog
C:\DIAG\diaglibs\mevismodules\DIAG\ApplicationBase\Sources\ML\DIAGEqualizeHistogram\tmp\release\obj\custombuild.write.1.tlog
C:\DIAG\diaglibs\mevismodules\DIAG\ApplicationBase\Sources\ML\DIAGEqualizeHistogram\tmp\release\obj\DIAGEqualizeHistogram.write.1.tlog
C:\DIAG\diaglibs\mevismodules\DIAG\ApplicationBase\Sources\ML\DIAGEqualizeHistogram\tmp\release\obj\link-cvtres.read.1.tlog
C:\DIAG\diaglibs\mevismodules\DIAG\ApplicationBase\Sources\ML\DIAGEqualizeHistogram\tmp\release\obj\link-cvtres.write.1.tlog
C:\DIAG\diaglibs\mevismodules\DIAG\ApplicationBase\Sources\ML\DIAGEqualizeHistogram\tmp\release\obj\link-rc.read.1.tlog
C:\DIAG\diaglibs\mevismodules\DIAG\ApplicationBase\Sources\ML\DIAGEqualizeHistogram\tmp\release\obj\link-rc.write.1.tlog
C:\DIAG\diaglibs\mevismodules\DIAG\ApplicationBase\Sources\ML\DIAGEqualizeHistogram\tmp\release\obj\link.command.1.tlog
C:\DIAG\diaglibs\mevismodules\DIAG\ApplicationBase\Sources\ML\DIAGEqualizeHistogram\tmp\release\obj\link.read.1.tlog
C:\DIAG\diaglibs\mevismodules\DIAG\ApplicationBase\Sources\ML\DIAGEqualizeHistogram\tmp\release\obj\link.write.1.tlog
C:\DIAG\diaglibs\mevismodules\DIAG\ApplicationBase\Sources\ML\DIAGEqualizeHistogram\tmp\release\obj\DIAGEqualizeHistogram.pdb
C:\DIAG\diaglibs\mevismodules\DIAG\ApplicationBase\Sources\ML\DIAGEqualizeHistogram\tmp\release\obj\vc110.pdb
C:\DIAG\diaglibs\mevismodules\DIAG\ApplicationBase\Sources\ML\DIAGEqualizeHistogram\tmp\release\obj\DIAGEqualizeHistogram.bsc
C:\DIAG\diaglibs\mevismodules\DIAG\ApplicationBase\Sources\ML\DIAGEqualizeHistogram\tmp\release\obj\DIAGEqualizeHistogramInit.sbr
C:\DIAG\diaglibs\mevismodules\DIAG\ApplicationBase\Sources\ML\DIAGEqualizeHistogram\tmp\release\obj\mlEqualizeHistogram.sbr
