Build started 22-2-2016 23:36:46.
     1>Project "C:\Users\Luc\Documents\GitHub\CAD\Assignment3\DIAG\General\Sources\ML\DIAGToCSV\DIAGToCSV.vcxproj" on node 2 (Build target(s)).
     1>ClCompile:
         C:\Program Files (x86)\Microsoft Visual Studio 11.0\VC\bin\x86_amd64\CL.exe /c /I"c:\Users\Luc\AppData\Local\MeVisLab2.5.1VC11-64\Packages\MeVis\Foundation\Sources\SharedIncludes" /I"c:\Users\Luc\AppData\Local\MeVisLab2.5.1VC11-64\Packages\MeVis\Foundation\Sources\ML\include\deprecated" /I"c:\Users\Luc\AppData\Local\MeVisLab2.5.1VC11-64\Packages\MeVis\Foundation\Sources\ML\include" /I"c:\Users\Luc\AppData\Local\MeVisLab2.5.1VC11-64\Packages\MeVis\Foundation\Sources\MLLinearAlgebra\deprecated" /I"c:\Users\Luc\AppData\Local\MeVisLab2.5.1VC11-64\Packages\MeVis\Foundation\Sources\MLLinearAlgebra" /I"c:\Users\Luc\AppData\Local\MeVisLab2.5.1VC11-64\Packages\MeVis\Foundation\Sources\MLProfilingManager\Include" /I"c:\Users\Luc\AppData\Local\MeVisLab2.5.1VC11-64\Packages\MeVis\Foundation\Sources\MLUtilities" /I"c:\Users\Luc\AppData\Local\MeVisLab2.5.1VC11-64\Packages\MeVis\Foundation\Sources\MLMemoryManager\Include" /I"c:\Users\Luc\AppData\Local\MeVisLab2.5.1VC11-64\Packages\MeVis\ThirdParty\Sources\misc\boost" /I. /I"c:\Users\Luc\AppData\Local\MeVisLab2.5.1VC11-64\Packages\MeVis\ThirdParty\Sources\Qt4\qt\mkspecs\win32-msvc2012" /Zi /nologo /W4 /WX- /MP /Od /D _WINDOWS /D UNICODE /D WIN32 /D QT_LARGEFILE_SUPPORT /D MEVIS_TARGET=DIAGToCSV /D MEVIS_64BIT /D MEVISLAB_VERSION=205 /D ML_VERSION_2 /D BOOST_ALL_DYN_LINK /D DEBUG /D MeVisLab /D MEVISLAB /D __LITTLE_ENDIAN__ /D "ML_LIBRARY_EXPORT_ATTRIBUTE=__declspec(dllexport)" /D "ML_LIBRARY_IMPORT_ATTRIBUTE=__declspec(dllimport)" /D ML_RETURN_VALUE_SHOULD_BE_USED= /D NOMINMAX /D _CRT_SECURE_NO_DEPRECATE /D DIAGTOCSV_EXPORTS /D ML_WARN_DEPRECATED /D _WINDLL /Gm- /EHsc /MDd /GS- /fp:precise /Zc:wchar_t- /Zc:forScope /GR /Fo"tmp\debug\obj\\" /Fd"tmp\debug\obj\vc110.pdb" /FR"tmp\debug\obj\\" /Gd /TP /wd4201 /wd4251 /errorReport:prompt -Zm200 /we4102 /we4131 /we4218 /we4431 /we4715 /we4723 /we4002 /we4013 /we4056 /we4054 /we4067 /we4068 /we4130 /we4146 /we4150 /we4172 /we4210 /we4351 /we4373 /we4366 /we4552 /we4553 /we4804 /we4910 mlToCSV.cpp
         mlToCSV.cpp
     1>c:\users\luc\appdata\local\mevislab2.5.1vc11-64\packages\mevis\foundation\sources\mllinearalgebra\mlQuaternion.h : warning C4819: The file contains a character that cannot be represented in the current code page (932). Save the file in Unicode format to prevent data loss
       Link:
         C:\Program Files (x86)\Microsoft Visual Studio 11.0\VC\bin\x86_amd64\link.exe /ERRORREPORT:PROMPT /OUT:"tmp\debug\obj\DIAGToCSV_d.dll" /NOLOGO /LIBPATH:"c:\Users\Luc\AppData\Local\MeVisLab2.5.1VC11-64\Packages\MeVis\ThirdParty\lib" /LIBPATH:C:/Users/Luc/Documents/GitHub/CAD/Assignment3/DIAG/General/lib /LIBPATH:"C:/Users/Luc/AppData/Local/MeVisLab2.5.1VC11-64/Packages/MeVisLab/Standard/lib" /LIBPATH:"C:/Users/Luc/AppData/Local/MeVisLab2.5.1VC11-64/Packages/MeVis/Foundation/lib" ML_d.lib MLLinearAlgebra_d.lib MLMemoryManager_d.lib MLProfilingManager_d.lib MLUtilities_d.lib kernel32.lib user32.lib gdi32.lib winspool.lib comdlg32.lib advapi32.lib shell32.lib ole32.lib oleaut32.lib uuid.lib odbc32.lib odbccp32.lib /MANIFEST /MANIFESTUAC:"level='asInvoker' uiAccess='false'" /manifest:embed /DEBUG /PDB:"tmp\debug\obj\DIAGToCSV_d.pdb" /TLBID:1 /DYNAMICBASE /NXCOMPAT /MACHINE:X64 /DLL tmp\debug\obj\DIAGToCSVInit.obj
         tmp\debug\obj\mlToCSV.obj
         LINK : tmp\debug\obj\DIAGToCSV_d.dll not found or not built by the last incremental link; performing full link
            Creating library tmp\debug\obj\DIAGToCSV_d.lib and object tmp\debug\obj\DIAGToCSV_d.exp
         DIAGToCSV.vcxproj -> C:\Users\Luc\Documents\GitHub\CAD\Assignment3\DIAG\General\Sources\ML\DIAGToCSV\tmp\debug\obj\DIAGToCSV_d.dll
       BscMake:
         C:\Program Files (x86)\Microsoft Visual Studio 11.0\VC\bin\bscmake.exe /nologo /o"tmp\debug\obj\DIAGToCSV_d.bsc" tmp\debug\obj\DIAGToCSVInit.sbr tmp\debug\obj\mlToCSV.sbr
       PostBuildEvent:
         if not exist "../../../lib" mkdir "../../../lib"
         if exist "../../../lib\updated\DIAGToCSV_d.dll" (
           echo removing old updated DLL
           del "../../../lib\updated\DIAGToCSV_d.dll"
         )
         echo copy "tmp\debug\obj\DIAGToCSV_d.dll" "../../../lib\DIAGToCSV_d.dll"
         copy "tmp\debug\obj\DIAGToCSV_d.dll" "../../../lib\DIAGToCSV_d.dll"
         if errorLevel 1 (
           echo DLL locked, copying to /updated subdir - and removing source file
           if not exist "../../../lib\updated" mkdir "../../../lib\updated"
           copy "tmp\debug\obj\DIAGToCSV_d.dll" "../../../lib\updated\DIAGToCSV_d.dll"
           del "tmp\debug\obj\DIAGToCSV_d.dll"
         )
         echo copy "tmp\debug\obj\DIAGToCSV_d.pdb" "../../../lib"
         copy "tmp\debug\obj\DIAGToCSV_d.pdb" "../../../lib"
         echo if exist "tmp\debug\obj\DIAGToCSV_d.lib" copy "tmp\debug\obj\DIAGToCSV_d.lib" "../../../lib"
         if exist "tmp\debug\obj\DIAGToCSV_d.lib" copy "tmp\debug\obj\DIAGToCSV_d.lib" "../../../lib"
         :VCEnd
         copy "tmp\debug\obj\DIAGToCSV_d.dll" "../../../lib\DIAGToCSV_d.dll"
         The process cannot access the file because it is being used by another process.
                 0 file(s) copied.
         DLL locked, copying to /updated subdir - and removing source file
                 1 file(s) copied.
         copy "tmp\debug\obj\DIAGToCSV_d.pdb" "../../../lib"
                 1 file(s) copied.
         if exist "tmp\debug\obj\DIAGToCSV_d.lib" copy "tmp\debug\obj\DIAGToCSV_d.lib" "../../../lib"
                 1 file(s) copied.
     1>Done Building Project "C:\Users\Luc\Documents\GitHub\CAD\Assignment3\DIAG\General\Sources\ML\DIAGToCSV\DIAGToCSV.vcxproj" (Build target(s)).

Build succeeded.

Time Elapsed 00:00:05.98
