Build started 7-2-2016 14:34:16.
     1>Project "C:\Users\Luc\Documents\GitHub\CAD\Packages\MM\CADCourse\Sources\ML\DIAGImageThreshold\DIAGImageThreshold.vcxproj" on node 2 (Build target(s)).
     1>ClCompile:
         C:\Program Files (x86)\Microsoft Visual Studio 11.0\VC\bin\x86_amd64\CL.exe /c /I"c:\Users\Luc\AppData\Local\MeVisLab2.5.1VC11-64\Packages\MeVis\Foundation\Sources\SharedIncludes" /I"c:\Users\Luc\AppData\Local\MeVisLab2.5.1VC11-64\Packages\MeVis\Foundation\Sources\ML\include\deprecated" /I"c:\Users\Luc\AppData\Local\MeVisLab2.5.1VC11-64\Packages\MeVis\Foundation\Sources\ML\include" /I"c:\Users\Luc\AppData\Local\MeVisLab2.5.1VC11-64\Packages\MeVis\Foundation\Sources\MLLinearAlgebra\deprecated" /I"c:\Users\Luc\AppData\Local\MeVisLab2.5.1VC11-64\Packages\MeVis\Foundation\Sources\MLLinearAlgebra" /I"c:\Users\Luc\AppData\Local\MeVisLab2.5.1VC11-64\Packages\MeVis\Foundation\Sources\MLProfilingManager\Include" /I"c:\Users\Luc\AppData\Local\MeVisLab2.5.1VC11-64\Packages\MeVis\Foundation\Sources\MLUtilities" /I"c:\Users\Luc\AppData\Local\MeVisLab2.5.1VC11-64\Packages\MeVis\Foundation\Sources\MLMemoryManager\Include" /I"c:\Users\Luc\AppData\Local\MeVisLab2.5.1VC11-64\Packages\MeVis\ThirdParty\Sources\misc\boost" /I. /I"c:\Users\Luc\AppData\Local\MeVisLab2.5.1VC11-64\Packages\MeVis\ThirdParty\Sources\Qt4\qt\mkspecs\win32-msvc2012" /Zi /nologo /W4 /WX- /MP /Od /Ob2 /Oi /Ot /Oy /D _WINDOWS /D UNICODE /D WIN32 /D QT_LARGEFILE_SUPPORT /D MEVIS_TARGET=DIAGImageThreshold /D MEVIS_64BIT /D MEVISLAB_VERSION=205 /D ML_VERSION_2 /D BOOST_ALL_DYN_LINK /D MeVisLab /D MEVISLAB /D __LITTLE_ENDIAN__ /D "ML_LIBRARY_EXPORT_ATTRIBUTE=__declspec(dllexport)" /D "ML_LIBRARY_IMPORT_ATTRIBUTE=__declspec(dllimport)" /D ML_RETURN_VALUE_SHOULD_BE_USED= /D NOMINMAX /D _CRT_SECURE_NO_DEPRECATE /D DIAGIMAGETHRESHOLD_EXPORTS /D ML_WARN_DEPRECATED /D NDEBUG /D _WINDLL /GF /Gm- /EHsc /MD /GS /Gy /fp:precise /Zc:wchar_t- /Zc:forScope /GR /Fo"tmp\release\obj\\" /Fd"tmp\release\obj\vc110.pdb" /FR"tmp\release\obj\\" /Gd /TP /wd4201 /wd4251 /errorReport:prompt -Zm200 /we4102 /we4131 /we4218 /we4431 /we4715 /we4723 /we4002 /we4013 /we4056 /we4054 /we4067 /we4068 /we4130 /we4146 /we4150 /we4172 /we4210 /we4351 /we4373 /we4366 /we4552 /we4553 /we4804 /we4910 mlThresholdImage.cpp
         mlThresholdImage.cpp
     1>c:\users\luc\appdata\local\mevislab2.5.1vc11-64\packages\mevis\foundation\sources\mllinearalgebra\mlQuaternion.h : warning C4819: The file contains a character that cannot be represented in the current code page (932). Save the file in Unicode format to prevent data loss
     1>mlThresholdImage.cpp(69): warning C4100: 'outputImage' : unreferenced formal parameter
     1>mlThresholdImage.cpp(77): warning C4100: 'outputIndex' : unreferenced formal parameter
     1>mlThresholdImage.cpp(77): warning C4100: 'inputIndex' : unreferenced formal parameter
     1>mlThresholdImage.cpp(87): warning C4995: 'ML_CALCULATEOUTPUTSUBIMAGE_NUM_INPUTS_1_CPP': name was marked as #pragma deprecated
     1>mlThresholdImage.cpp(99): warning C4244: 'initializing' : conversion from 'MLint' to 'int', possible loss of data
                 mlThresholdImage.cpp(87) : see reference to function template instantiation 'void ml::ThresholdImage::calculateOutputSubImage<MLint8>(ml::TSubImage<DATATYPE> *,int,ml::TSubImage<DATATYPE> *)' being compiled
                 with
                 [
                     DATATYPE=MLint8
                 ]
     1>mlThresholdImage.cpp(91): warning C4100: 'outputIndex' : unreferenced formal parameter
     1>mlThresholdImage.cpp(120): warning C4018: '>=' : signed/unsigned mismatch
       Link:
         C:\Program Files (x86)\Microsoft Visual Studio 11.0\VC\bin\x86_amd64\link.exe /ERRORREPORT:PROMPT /OUT:"tmp\release\obj\DIAGImageThreshold.dll" /INCREMENTAL:NO /NOLOGO /LIBPATH:"c:\Users\Luc\AppData\Local\MeVisLab2.5.1VC11-64\Packages\MeVis\ThirdParty\lib" /LIBPATH:C:/Users/Luc/Documents/GitHub/CAD/Packages/MM/CADCourse/lib /LIBPATH:"C:/Users/Luc/AppData/Local/MeVisLab2.5.1VC11-64/Packages/MeVisLab/Standard/lib" /LIBPATH:"C:/Users/Luc/AppData/Local/MeVisLab2.5.1VC11-64/Packages/MeVis/Foundation/lib" ML.lib MLLinearAlgebra.lib MLMemoryManager.lib MLProfilingManager.lib MLUtilities.lib kernel32.lib user32.lib gdi32.lib winspool.lib comdlg32.lib advapi32.lib shell32.lib ole32.lib oleaut32.lib uuid.lib odbc32.lib odbccp32.lib /MANIFEST /MANIFESTUAC:"level='asInvoker' uiAccess='false'" /manifest:embed /DEBUG /PDB:"tmp\release\obj\DIAGImageThreshold.pdb" /OPT:REF /OPT:ICF /TLBID:1 /DYNAMICBASE /NXCOMPAT /MACHINE:X64 /DLL tmp\release\obj\DIAGImageThresholdInit.obj
         tmp\release\obj\mlThresholdImage.obj
            Creating library tmp\release\obj\DIAGImageThreshold.lib and object tmp\release\obj\DIAGImageThreshold.exp
         DIAGImageThreshold.vcxproj -> C:\Users\Luc\Documents\GitHub\CAD\Packages\MM\CADCourse\Sources\ML\DIAGImageThreshold\tmp\release\obj\DIAGImageThreshold.dll
       BscMake:
         C:\Program Files (x86)\Microsoft Visual Studio 11.0\VC\bin\bscmake.exe /nologo /o"tmp\release\obj\DIAGImageThreshold.bsc" tmp\release\obj\DIAGImageThresholdInit.sbr tmp\release\obj\mlThresholdImage.sbr
       PostBuildEvent:
         if not exist "../../../lib" mkdir "../../../lib"
         if exist "../../../lib\updated\DIAGImageThreshold.dll" (
           echo removing old updated DLL
           del "../../../lib\updated\DIAGImageThreshold.dll"
         )
         echo copy "tmp\release\obj\DIAGImageThreshold.dll" "../../../lib\DIAGImageThreshold.dll"
         copy "tmp\release\obj\DIAGImageThreshold.dll" "../../../lib\DIAGImageThreshold.dll"
         if errorLevel 1 (
           echo DLL locked, copying to /updated subdir - and removing source file
           if not exist "../../../lib\updated" mkdir "../../../lib\updated"
           copy "tmp\release\obj\DIAGImageThreshold.dll" "../../../lib\updated\DIAGImageThreshold.dll"
           del "tmp\release\obj\DIAGImageThreshold.dll"
         )
         echo if exist "tmp\release\obj\DIAGImageThreshold.pdb" copy "tmp\release\obj\DIAGImageThreshold.pdb" "../../../lib"
         if exist "tmp\release\obj\DIAGImageThreshold.pdb" copy "tmp\release\obj\DIAGImageThreshold.pdb" "../../../lib"
         echo if exist "tmp\release\obj\DIAGImageThreshold.lib" copy "tmp\release\obj\DIAGImageThreshold.lib" "../../../lib"
         if exist "tmp\release\obj\DIAGImageThreshold.lib" copy "tmp\release\obj\DIAGImageThreshold.lib" "../../../lib"
         :VCEnd
         copy "tmp\release\obj\DIAGImageThreshold.dll" "../../../lib\DIAGImageThreshold.dll"
         The process cannot access the file because it is being used by another process.
                 0 file(s) copied.
         DLL locked, copying to /updated subdir - and removing source file
                 1 file(s) copied.
         if exist "tmp\release\obj\DIAGImageThreshold.pdb" copy "tmp\release\obj\DIAGImageThreshold.pdb" "../../../lib"
                 1 file(s) copied.
         if exist "tmp\release\obj\DIAGImageThreshold.lib" copy "tmp\release\obj\DIAGImageThreshold.lib" "../../../lib"
                 1 file(s) copied.
     1>Done Building Project "C:\Users\Luc\Documents\GitHub\CAD\Packages\MM\CADCourse\Sources\ML\DIAGImageThreshold\DIAGImageThreshold.vcxproj" (Build target(s)).

Build succeeded.

Time Elapsed 00:00:06.06
